<?xml version="1.0" encoding="UTF-8"?>
<!-- Generated by org.testng.reporters.JUnitReportReporter -->
<testsuite hostname="DESKTOP-1AJ3MOM" failures="0" tests="1" name="com.SdetBanking.TestCases.TC_LoginTest_001" time="2.427" errors="0" timestamp="2022-11-12T12:35:29 IST" skipped="0">
  <testcase classname="com.SdetBanking.TestCases.TC_LoginTest_001" name="loginTest" time="2.427"/>
  <system-out/>
</testsuite> <!-- com.SdetBanking.TestCases.TC_LoginTest_001 -->
